2020-10-11 19:56:10,823 : INFO : ME    >> arun
2020-10-11 19:56:16,326 : INFO : ME    >> i am arun
2020-10-11 19:59:59,868 : INFO : ME    >> hi i am arun
2020-10-11 20:00:39,180 : INFO : ME    >> switch to action mode
2020-10-11 20:00:47,099 : INFO : ME    >> switch to action mode
2020-10-11 20:00:56,956 : INFO : ME    >> helo
2020-10-11 20:05:56,593 : INFO : ME    >> hi i am arun
2020-10-11 20:06:57,037 : INFO : ME    >> hi i am arun
2020-10-11 20:07:30,675 : INFO : ME    >> hi i am arun
2020-10-11 20:09:51,054 : INFO : ME    >> hi i am arun
2020-10-11 20:10:52,397 : INFO : ME    >> hi i am arun
2020-10-11 20:11:36,069 : INFO : ME    >> i am arun
2020-10-11 20:11:36,082 : INFO : KIDDO >> Hello ARUN
2020-10-11 20:11:43,725 : INFO : ME    >> do you know me
2020-10-11 20:11:43,727 : INFO : KIDDO >> My Name is KIDDO, A Personal Assistant
2020-10-11 20:11:54,309 : INFO : ME    >> who made you
2020-10-11 20:11:54,310 : INFO : KIDDO >> My Master is Arun.
2020-10-11 20:12:16,197 : INFO : ME    >> @switch to action mode
2020-10-11 20:12:16,213 : INFO : KIDDO >> You're kidding.  S W HE T C H T O A C T HE O N M O D E is?
2020-10-11 20:12:35,197 : INFO : ME    >> switch to action mode
2020-10-11 20:12:35,199 : INFO : KIDDO >> Spare some change?
2020-10-11 20:12:59,031 : INFO : ME    >> switch to action mode
2020-10-11 20:12:59,043 : INFO : KIDDO >> Spare some change?
2020-10-11 20:13:07,808 : INFO : ME    >> @switch to actin mode
2020-10-11 20:13:19,829 : INFO : ME    >> @switch to action mode
2020-10-11 20:13:47,093 : INFO : ME    >> play tamil song in youtube
2020-10-11 20:14:22,430 : INFO : ME    >> play music
2020-10-11 20:14:26,452 : INFO : ME    >> search tamil song
2020-10-11 20:14:38,668 : INFO : ME    >> @switch to normal mode
2020-10-11 20:14:43,750 : INFO : ME    >> hello
2020-10-11 20:16:25,324 : INFO : ME    >> hi i am arun
2020-10-11 20:16:25,337 : INFO : KIDDO >> Hi there!. Hello ARUN
2020-10-11 20:16:36,839 : INFO : ME    >> switch to action mode
2020-10-11 20:16:36,840 : INFO : KIDDO >> Spare some change?
2020-10-11 20:18:05,595 : INFO : ME    >> hi i am arun
2020-10-11 20:18:05,609 : INFO : KIDDO >> Hi there!. Hello ARUN
2020-10-11 20:18:17,769 : INFO : ME    >> change mode to action
2020-10-11 20:20:14,938 : INFO : ME    >> hi i am arun
2020-10-11 20:20:14,942 : INFO : KIDDO >> Hi there!. Why are you ARUN.
2020-10-11 20:20:23,955 : INFO : ME    >> its my name
2020-10-11 20:20:23,956 : INFO : KIDDO >> Your name is .
2020-10-11 20:20:33,202 : INFO : ME    >> call me arun
2020-10-11 20:20:33,203 : INFO : KIDDO >> I am very pleased to meet you Arun.
2020-10-11 20:20:43,747 : INFO : ME    >> who am i
2020-10-11 20:20:43,748 : INFO : KIDDO >> Your name is Arun, seeker.
2020-10-11 20:20:49,270 : INFO : ME    >> thanks
2020-10-11 20:20:49,271 : INFO : KIDDO >> Don't mention it.
2020-10-11 20:20:57,562 : INFO : ME    >> change mode to action
2020-10-11 20:21:25,707 : INFO : ME    >> play music
2020-10-11 20:21:38,642 : INFO : ME    >> open youtube
2020-10-11 20:27:14,209 : INFO : ME    >> change mode to normal
2020-10-11 20:28:31,511 : INFO : ME    >> change mode to action
2020-10-11 20:30:02,522 : INFO : ME    >> !!change mode to action
2020-10-11 20:30:55,236 : INFO : ME    >> !!change mode to action
2020-10-11 20:33:50,764 : INFO : ME    >> hi i am arun
2020-10-11 20:33:57,919 : INFO : KIDDO >> Hi there!. It's good to meet someone who is ARUN.
2020-10-11 20:34:13,989 : INFO : ME    >> ak change focus action
2020-10-11 20:34:18,392 : INFO : KIDDO >> I do not understand.
2020-10-11 20:37:05,036 : INFO : ME    >> play tamil song in youtub
2020-10-11 20:37:15,052 : INFO : ME    >> play tamil song in youtube
2020-10-11 20:37:55,580 : INFO : ME    >> open microsoft excel app
2020-10-11 20:39:08,748 : INFO : ME    >> 
2020-10-11 20:39:08,750 : INFO : ME    >> open microsoft excel app
2020-10-11 20:39:22,131 : INFO : ME    >> play tamil song
2020-10-11 20:39:38,555 : INFO : ME    >> open excel app
2020-10-11 20:39:48,315 : INFO : ME    >> search hindi song
2020-10-11 20:39:59,523 : INFO : ME    >> yes
2020-10-11 20:40:53,219 : INFO : ME    >> play tamil songs in youtube
2020-10-11 20:41:45,386 : INFO : ME    >> 
2020-10-11 20:41:45,388 : INFO : ME    >> take screenshot
2020-10-11 20:42:49,286 : INFO : ME    >> search google for tamil song
